2020-06-28 10:50:30.833 [main] INFO  com.qun.BankSystemApplication - Starting BankSystemApplication on PC201908261901 with PID 15304 (D:\Java\BankSystem\target\classes started by Administrator in D:\Java\BankSystem)
2020-06-28 10:50:30.844 [main] INFO  com.qun.BankSystemApplication - No active profile set, falling back to default profiles: default
2020-06-28 10:50:32.175 [main] INFO  org.apache.coyote.http11.Http11NioProtocol - Initializing ProtocolHandler ["http-nio-8080"]
2020-06-28 10:50:32.176 [main] INFO  org.apache.catalina.core.StandardService - Starting service [Tomcat]
2020-06-28 10:50:32.176 [main] INFO  org.apache.catalina.core.StandardEngine - Starting Servlet engine: [Apache Tomcat/9.0.36]
2020-06-28 10:50:32.310 [main] INFO  org.apache.catalina.core.ContainerBase.[Tomcat].[localhost].[/] - Initializing Spring embedded WebApplicationContext
2020-06-28 10:50:33.767 [main] INFO  org.apache.coyote.http11.Http11NioProtocol - Starting ProtocolHandler ["http-nio-8080"]
2020-06-28 10:50:33.814 [main] INFO  com.qun.BankSystemApplication - Started BankSystemApplication in 3.446 seconds (JVM running for 5.948)
2020-06-28 10:50:39.331 [http-nio-8080-exec-1] INFO  org.apache.catalina.core.ContainerBase.[Tomcat].[localhost].[/] - Initializing Spring DispatcherServlet 'dispatcherServlet'
2020-06-28 10:50:45.763 [http-nio-8080-exec-3] INFO  com.alibaba.druid.pool.DruidDataSource - {dataSource-1} inited
2020-06-28 11:00:54.540 [main] INFO  com.qun.BankSystemApplication - Starting BankSystemApplication on PC201908261901 with PID 22308 (D:\Java\BankSystem\target\classes started by Administrator in D:\Java\BankSystem)
2020-06-28 11:00:54.546 [main] INFO  com.qun.BankSystemApplication - No active profile set, falling back to default profiles: default
2020-06-28 11:00:55.660 [main] INFO  org.apache.coyote.http11.Http11NioProtocol - Initializing ProtocolHandler ["http-nio-8080"]
2020-06-28 11:00:55.660 [main] INFO  org.apache.catalina.core.StandardService - Starting service [Tomcat]
2020-06-28 11:00:55.661 [main] INFO  org.apache.catalina.core.StandardEngine - Starting Servlet engine: [Apache Tomcat/9.0.36]
2020-06-28 11:00:55.783 [main] INFO  org.apache.catalina.core.ContainerBase.[Tomcat].[localhost].[/] - Initializing Spring embedded WebApplicationContext
2020-06-28 11:00:56.734 [main] INFO  org.apache.coyote.http11.Http11NioProtocol - Starting ProtocolHandler ["http-nio-8080"]
2020-06-28 11:00:56.773 [main] INFO  com.qun.BankSystemApplication - Started BankSystemApplication in 2.656 seconds (JVM running for 4.629)
2020-06-28 11:00:58.715 [http-nio-8080-exec-1] INFO  org.apache.catalina.core.ContainerBase.[Tomcat].[localhost].[/] - Initializing Spring DispatcherServlet 'dispatcherServlet'
2020-06-28 11:01:04.988 [http-nio-8080-exec-2] INFO  com.alibaba.druid.pool.DruidDataSource - {dataSource-1} inited
2020-06-28 11:10:26.876 [main] INFO  com.qun.BankSystemApplication - Starting BankSystemApplication on PC201908261901 with PID 21948 (D:\Java\BankSystem\target\classes started by Administrator in D:\Java\BankSystem)
2020-06-28 11:10:26.884 [main] INFO  com.qun.BankSystemApplication - No active profile set, falling back to default profiles: default
2020-06-28 11:10:28.175 [main] INFO  org.apache.coyote.http11.Http11NioProtocol - Initializing ProtocolHandler ["http-nio-8080"]
2020-06-28 11:10:28.175 [main] INFO  org.apache.catalina.core.StandardService - Starting service [Tomcat]
2020-06-28 11:10:28.176 [main] INFO  org.apache.catalina.core.StandardEngine - Starting Servlet engine: [Apache Tomcat/9.0.36]
2020-06-28 11:10:28.321 [main] INFO  org.apache.catalina.core.ContainerBase.[Tomcat].[localhost].[/] - Initializing Spring embedded WebApplicationContext
2020-06-28 11:10:29.290 [main] INFO  org.apache.coyote.http11.Http11NioProtocol - Starting ProtocolHandler ["http-nio-8080"]
2020-06-28 11:10:29.325 [main] INFO  com.qun.BankSystemApplication - Started BankSystemApplication in 2.97 seconds (JVM running for 5.056)
2020-06-28 11:10:29.401 [http-nio-8080-exec-1] INFO  org.apache.catalina.core.ContainerBase.[Tomcat].[localhost].[/] - Initializing Spring DispatcherServlet 'dispatcherServlet'
2020-06-28 11:10:37.141 [http-nio-8080-exec-3] INFO  com.alibaba.druid.pool.DruidDataSource - {dataSource-1} inited
